<?xml version="1.0" encoding="UTF-8"?>
<!-- Generated by org.testng.reporters.JUnitXMLReporter -->
<testsuite ignored="0" hostname="DESKTOP-IVP925K" failures="0" tests="9" name="PropertyTest" time="16.452" errors="0" timestamp="2023-04-03T22:24:05 IST">
  <testcase classname="api.test.UserPropertiesDDT" name="testPostUser" time="1.747"/>
  <testcase classname="api.test.UserPropertiesDDT" name="testPostUser" time="1.781"/>
  <testcase classname="api.test.UserPropertiesDDT" name="testPostUser" time="1.799"/>
  <testcase classname="api.test.UserPropertiesDDT" name="testGetUserByName" time="1.644"/>
  <testcase classname="api.test.UserPropertiesDDT" name="testGetUserByName" time="2.19"/>
  <testcase classname="api.test.UserPropertiesDDT" name="testGetUserByName" time="1.834"/>
  <testcase classname="api.test.UserPropertiesDDT" name="testDeleteUserByName" time="1.68"/>
  <testcase classname="api.test.UserPropertiesDDT" name="testDeleteUserByName" time="1.763"/>
  <testcase classname="api.test.UserPropertiesDDT" name="testDeleteUserByName" time="1.796"/>
</testsuite> <!-- PropertyTest -->
