<?xml version="1.0" encoding="UTF-8"?>
<!-- Generated by org.testng.reporters.JUnitXMLReporter -->
<testsuite ignored="0" hostname="DESKTOP-IVP925K" failures="0" tests="22" name="UserTest" time="67.327" errors="0" timestamp="2023-04-03T22:23:48 IST">
  <testcase classname="api.test.UserDataDrivenTest" name="testPostUser" time="3.821"/>
  <testcase classname="api.test.UserDataDrivenTest" name="testPostUser" time="1.888"/>
  <testcase classname="api.test.UserDataDrivenTest" name="testPostUser" time="1.733"/>
  <testcase classname="api.test.UserDataDrivenTest" name="testGetUserByName" time="2.145"/>
  <testcase classname="api.test.UserDataDrivenTest" name="testGetUserByName" time="1.793"/>
  <testcase classname="api.test.UserDataDrivenTest" name="testGetUserByName" time="1.729"/>
  <testcase classname="api.test.UserDataDrivenTest" name="testDeleteUserByName" time="2.249"/>
  <testcase classname="api.test.UserDataDrivenTest" name="testDeleteUserByName" time="1.848"/>
  <testcase classname="api.test.UserDataDrivenTest" name="testDeleteUserByName" time="1.803"/>
  <testcase classname="api.test.UserTest" name="testPostUser" time="1.728"/>
  <testcase classname="api.test.UserTest" name="testGetUserByName" time="1.824"/>
  <testcase classname="api.test.UserTest" name="testUpdateUserByName" time="3.685"/>
  <testcase classname="api.test.UserTest" name="testDeleteUserByName" time="1.801"/>
  <testcase classname="api.test.StoreDataDrivenTest" name="testPostOrder" time="1.829"/>
  <testcase classname="api.test.StoreDataDrivenTest" name="testPostOrder" time="1.858"/>
  <testcase classname="api.test.StoreDataDrivenTest" name="testPostOrder" time="1.767"/>
  <testcase classname="api.test.StoreDataDrivenTest" name="testGetOrder" time="1.752"/>
  <testcase classname="api.test.StoreDataDrivenTest" name="testGetOrder" time="1.71"/>
  <testcase classname="api.test.StoreDataDrivenTest" name="testGetOrder" time="1.734"/>
  <testcase classname="api.test.StoreDataDrivenTest" name="testDeleteOrder" time="1.738"/>
  <testcase classname="api.test.StoreDataDrivenTest" name="testDeleteOrder" time="22.787"/>
  <testcase classname="api.test.StoreDataDrivenTest" name="testDeleteOrder" time="1.784"/>
</testsuite> <!-- UserTest -->
