<?xml version="1.0" encoding="UTF-8"?>
<testng-results ignored="0" total="31" passed="31" failed="0" skipped="0">
  <reporter-output>
  </reporter-output>
  <suite started-at="2023-04-03T22:22:41 IST" name="UserSuite" finished-at="2023-04-03T22:24:05 IST" duration-ms="84364">
    <groups>
      <group name="Practice">
        <method signature="UserDataDrivenTest.testPostUser(java.lang.String,java.lang.String,java.lang.String,java.lang.String,java.lang.String,java.lang.String,java.lang.String)[pri:1, instance:api.test.UserDataDrivenTest@1e683a3e]" name="testPostUser" class="api.test.UserDataDrivenTest"/>
      </group> <!-- Practice -->
    </groups>
    <test started-at="2023-04-03T22:22:41 IST" name="UserTest" finished-at="2023-04-03T22:23:48 IST" duration-ms="67327">
      <class name="api.test.StoreDataDrivenTest">
        <test-method signature="testPostOrder(java.lang.String,java.lang.String,java.lang.String,java.lang.String,java.lang.String,java.lang.String)[pri:1, instance:api.test.StoreDataDrivenTest@3b6ddd1d]" started-at="2023-04-03T22:23:11 IST" name="testPostOrder" data-provider="Data" finished-at="2023-04-03T22:23:13 IST" duration-ms="1829" status="PASS">
          <params>
            <param index="0">
              <value>
                <![CDATA[1001]]>
              </value>
            </param>
            <param index="1">
              <value>
                <![CDATA[10]]>
              </value>
            </param>
            <param index="2">
              <value>
                <![CDATA[1]]>
              </value>
            </param>
            <param index="3">
              <value>
                <![CDATA[2023-03-21T04:33:16.883Z]]>
              </value>
            </param>
            <param index="4">
              <value>
                <![CDATA[placed]]>
              </value>
            </param>
            <param index="5">
              <value>
                <![CDATA[TRUE]]>
              </value>
            </param>
          </params>
          <reporter-output>
          </reporter-output>
        </test-method> <!-- testPostOrder -->
        <test-method signature="testPostOrder(java.lang.String,java.lang.String,java.lang.String,java.lang.String,java.lang.String,java.lang.String)[pri:1, instance:api.test.StoreDataDrivenTest@3b6ddd1d]" started-at="2023-04-03T22:23:13 IST" name="testPostOrder" data-provider="Data" finished-at="2023-04-03T22:23:15 IST" duration-ms="1858" status="PASS">
          <params>
            <param index="0">
              <value>
                <![CDATA[1002]]>
              </value>
            </param>
            <param index="1">
              <value>
                <![CDATA[20]]>
              </value>
            </param>
            <param index="2">
              <value>
                <![CDATA[2]]>
              </value>
            </param>
            <param index="3">
              <value>
                <![CDATA[2023-03-22T04:33:16.883Z]]>
              </value>
            </param>
            <param index="4">
              <value>
                <![CDATA[placed]]>
              </value>
            </param>
            <param index="5">
              <value>
                <![CDATA[FALSE]]>
              </value>
            </param>
          </params>
          <reporter-output>
          </reporter-output>
        </test-method> <!-- testPostOrder -->
        <test-method signature="testPostOrder(java.lang.String,java.lang.String,java.lang.String,java.lang.String,java.lang.String,java.lang.String)[pri:1, instance:api.test.StoreDataDrivenTest@3b6ddd1d]" started-at="2023-04-03T22:23:15 IST" name="testPostOrder" data-provider="Data" finished-at="2023-04-03T22:23:16 IST" duration-ms="1767" status="PASS">
          <params>
            <param index="0">
              <value>
                <![CDATA[1003]]>
              </value>
            </param>
            <param index="1">
              <value>
                <![CDATA[30]]>
              </value>
            </param>
            <param index="2">
              <value>
                <![CDATA[3]]>
              </value>
            </param>
            <param index="3">
              <value>
                <![CDATA[2023-03-23T04:33:16.883Z]]>
              </value>
            </param>
            <param index="4">
              <value>
                <![CDATA[placed]]>
              </value>
            </param>
            <param index="5">
              <value>
                <![CDATA[TRUE]]>
              </value>
            </param>
          </params>
          <reporter-output>
          </reporter-output>
        </test-method> <!-- testPostOrder -->
        <test-method signature="testGetOrder(java.lang.String)[pri:2, instance:api.test.StoreDataDrivenTest@3b6ddd1d]" started-at="2023-04-03T22:23:16 IST" name="testGetOrder" data-provider="orderId" finished-at="2023-04-03T22:23:18 IST" duration-ms="1752" status="PASS">
          <params>
            <param index="0">
              <value>
                <![CDATA[10]]>
              </value>
            </param>
          </params>
          <reporter-output>
          </reporter-output>
        </test-method> <!-- testGetOrder -->
        <test-method signature="testGetOrder(java.lang.String)[pri:2, instance:api.test.StoreDataDrivenTest@3b6ddd1d]" started-at="2023-04-03T22:23:18 IST" name="testGetOrder" data-provider="orderId" finished-at="2023-04-03T22:23:20 IST" duration-ms="1710" status="PASS">
          <params>
            <param index="0">
              <value>
                <![CDATA[20]]>
              </value>
            </param>
          </params>
          <reporter-output>
          </reporter-output>
        </test-method> <!-- testGetOrder -->
        <test-method signature="testGetOrder(java.lang.String)[pri:2, instance:api.test.StoreDataDrivenTest@3b6ddd1d]" started-at="2023-04-03T22:23:20 IST" name="testGetOrder" data-provider="orderId" finished-at="2023-04-03T22:23:22 IST" duration-ms="1734" status="PASS">
          <params>
            <param index="0">
              <value>
                <![CDATA[30]]>
              </value>
            </param>
          </params>
          <reporter-output>
          </reporter-output>
        </test-method> <!-- testGetOrder -->
        <test-method signature="testDeleteOrder(java.lang.String)[pri:3, instance:api.test.StoreDataDrivenTest@3b6ddd1d]" started-at="2023-04-03T22:23:22 IST" name="testDeleteOrder" data-provider="orderId" finished-at="2023-04-03T22:23:23 IST" duration-ms="1738" status="PASS">
          <params>
            <param index="0">
              <value>
                <![CDATA[10]]>
              </value>
            </param>
          </params>
          <reporter-output>
          </reporter-output>
        </test-method> <!-- testDeleteOrder -->
        <test-method signature="testDeleteOrder(java.lang.String)[pri:3, instance:api.test.StoreDataDrivenTest@3b6ddd1d]" started-at="2023-04-03T22:23:23 IST" name="testDeleteOrder" data-provider="orderId" finished-at="2023-04-03T22:23:46 IST" duration-ms="22787" status="PASS">
          <params>
            <param index="0">
              <value>
                <![CDATA[20]]>
              </value>
            </param>
          </params>
          <reporter-output>
          </reporter-output>
        </test-method> <!-- testDeleteOrder -->
        <test-method signature="testDeleteOrder(java.lang.String)[pri:3, instance:api.test.StoreDataDrivenTest@3b6ddd1d]" started-at="2023-04-03T22:23:46 IST" name="testDeleteOrder" data-provider="orderId" finished-at="2023-04-03T22:23:48 IST" duration-ms="1784" status="PASS">
          <params>
            <param index="0">
              <value>
                <![CDATA[30]]>
              </value>
            </param>
          </params>
          <reporter-output>
          </reporter-output>
        </test-method> <!-- testDeleteOrder -->
      </class> <!-- api.test.StoreDataDrivenTest -->
      <class name="api.test.UserDataDrivenTest">
        <test-method signature="testPostUser(java.lang.String,java.lang.String,java.lang.String,java.lang.String,java.lang.String,java.lang.String,java.lang.String)[pri:1, instance:api.test.UserDataDrivenTest@1e683a3e]" started-at="2023-04-03T22:22:42 IST" name="testPostUser" data-provider="Data" finished-at="2023-04-03T22:22:46 IST" duration-ms="3821" status="PASS">
          <params>
            <param index="0">
              <value>
                <![CDATA[1010]]>
              </value>
            </param>
            <param index="1">
              <value>
                <![CDATA[testuser1]]>
              </value>
            </param>
            <param index="2">
              <value>
                <![CDATA[John]]>
              </value>
            </param>
            <param index="3">
              <value>
                <![CDATA[Canedy]]>
              </value>
            </param>
            <param index="4">
              <value>
                <![CDATA[a@gmail.com]]>
              </value>
            </param>
            <param index="5">
              <value>
                <![CDATA[test@1]]>
              </value>
            </param>
            <param index="6">
              <value>
                <![CDATA[1234567897]]>
              </value>
            </param>
          </params>
          <reporter-output>
          </reporter-output>
        </test-method> <!-- testPostUser -->
        <test-method signature="testPostUser(java.lang.String,java.lang.String,java.lang.String,java.lang.String,java.lang.String,java.lang.String,java.lang.String)[pri:1, instance:api.test.UserDataDrivenTest@1e683a3e]" started-at="2023-04-03T22:22:46 IST" name="testPostUser" data-provider="Data" finished-at="2023-04-03T22:22:48 IST" duration-ms="1888" status="PASS">
          <params>
            <param index="0">
              <value>
                <![CDATA[1020]]>
              </value>
            </param>
            <param index="1">
              <value>
                <![CDATA[testuser2]]>
              </value>
            </param>
            <param index="2">
              <value>
                <![CDATA[Kim]]>
              </value>
            </param>
            <param index="3">
              <value>
                <![CDATA[Kom]]>
              </value>
            </param>
            <param index="4">
              <value>
                <![CDATA[b@gmail.com]]>
              </value>
            </param>
            <param index="5">
              <value>
                <![CDATA[test@2]]>
              </value>
            </param>
            <param index="6">
              <value>
                <![CDATA[1234567897]]>
              </value>
            </param>
          </params>
          <reporter-output>
          </reporter-output>
        </test-method> <!-- testPostUser -->
        <test-method signature="testPostUser(java.lang.String,java.lang.String,java.lang.String,java.lang.String,java.lang.String,java.lang.String,java.lang.String)[pri:1, instance:api.test.UserDataDrivenTest@1e683a3e]" started-at="2023-04-03T22:22:48 IST" name="testPostUser" data-provider="Data" finished-at="2023-04-03T22:22:50 IST" duration-ms="1733" status="PASS">
          <params>
            <param index="0">
              <value>
                <![CDATA[1030]]>
              </value>
            </param>
            <param index="1">
              <value>
                <![CDATA[testuser3]]>
              </value>
            </param>
            <param index="2">
              <value>
                <![CDATA[Smith]]>
              </value>
            </param>
            <param index="3">
              <value>
                <![CDATA[Steve]]>
              </value>
            </param>
            <param index="4">
              <value>
                <![CDATA[c@gmail.com]]>
              </value>
            </param>
            <param index="5">
              <value>
                <![CDATA[test@3]]>
              </value>
            </param>
            <param index="6">
              <value>
                <![CDATA[1234567897]]>
              </value>
            </param>
          </params>
          <reporter-output>
          </reporter-output>
        </test-method> <!-- testPostUser -->
        <test-method signature="testGetUserByName(java.lang.String)[pri:2, instance:api.test.UserDataDrivenTest@1e683a3e]" started-at="2023-04-03T22:22:50 IST" name="testGetUserByName" data-provider="userNames" finished-at="2023-04-03T22:22:52 IST" duration-ms="2145" status="PASS">
          <params>
            <param index="0">
              <value>
                <![CDATA[testuser1]]>
              </value>
            </param>
          </params>
          <reporter-output>
          </reporter-output>
        </test-method> <!-- testGetUserByName -->
        <test-method signature="testGetUserByName(java.lang.String)[pri:2, instance:api.test.UserDataDrivenTest@1e683a3e]" started-at="2023-04-03T22:22:52 IST" name="testGetUserByName" data-provider="userNames" finished-at="2023-04-03T22:22:54 IST" duration-ms="1793" status="PASS">
          <params>
            <param index="0">
              <value>
                <![CDATA[testuser2]]>
              </value>
            </param>
          </params>
          <reporter-output>
          </reporter-output>
        </test-method> <!-- testGetUserByName -->
        <test-method signature="testGetUserByName(java.lang.String)[pri:2, instance:api.test.UserDataDrivenTest@1e683a3e]" started-at="2023-04-03T22:22:54 IST" name="testGetUserByName" data-provider="userNames" finished-at="2023-04-03T22:22:56 IST" duration-ms="1729" status="PASS">
          <params>
            <param index="0">
              <value>
                <![CDATA[testuser3]]>
              </value>
            </param>
          </params>
          <reporter-output>
          </reporter-output>
        </test-method> <!-- testGetUserByName -->
        <test-method signature="testDeleteUserByName(java.lang.String)[pri:3, instance:api.test.UserDataDrivenTest@1e683a3e]" started-at="2023-04-03T22:22:56 IST" name="testDeleteUserByName" data-provider="userNames" finished-at="2023-04-03T22:22:58 IST" duration-ms="2249" status="PASS">
          <params>
            <param index="0">
              <value>
                <![CDATA[testuser1]]>
              </value>
            </param>
          </params>
          <reporter-output>
          </reporter-output>
        </test-method> <!-- testDeleteUserByName -->
        <test-method signature="testDeleteUserByName(java.lang.String)[pri:3, instance:api.test.UserDataDrivenTest@1e683a3e]" started-at="2023-04-03T22:22:58 IST" name="testDeleteUserByName" data-provider="userNames" finished-at="2023-04-03T22:23:00 IST" duration-ms="1848" status="PASS">
          <params>
            <param index="0">
              <value>
                <![CDATA[testuser2]]>
              </value>
            </param>
          </params>
          <reporter-output>
          </reporter-output>
        </test-method> <!-- testDeleteUserByName -->
        <test-method signature="testDeleteUserByName(java.lang.String)[pri:3, instance:api.test.UserDataDrivenTest@1e683a3e]" started-at="2023-04-03T22:23:00 IST" name="testDeleteUserByName" data-provider="userNames" finished-at="2023-04-03T22:23:02 IST" duration-ms="1803" status="PASS">
          <params>
            <param index="0">
              <value>
                <![CDATA[testuser3]]>
              </value>
            </param>
          </params>
          <reporter-output>
          </reporter-output>
        </test-method> <!-- testDeleteUserByName -->
      </class> <!-- api.test.UserDataDrivenTest -->
      <class name="api.test.UserTest">
        <test-method is-config="true" signature="setup()[pri:0, instance:api.test.UserTest@6283d8b8]" started-at="2023-04-03T22:23:02 IST" name="setup" finished-at="2023-04-03T22:23:02 IST" duration-ms="142" status="PASS">
          <reporter-output>
          </reporter-output>
        </test-method> <!-- setup -->
        <test-method signature="testPostUser()[pri:1, instance:api.test.UserTest@6283d8b8]" started-at="2023-04-03T22:23:02 IST" name="testPostUser" finished-at="2023-04-03T22:23:03 IST" duration-ms="1728" status="PASS">
          <reporter-output>
          </reporter-output>
        </test-method> <!-- testPostUser -->
        <test-method signature="testGetUserByName()[pri:2, instance:api.test.UserTest@6283d8b8]" started-at="2023-04-03T22:23:03 IST" name="testGetUserByName" finished-at="2023-04-03T22:23:05 IST" duration-ms="1824" status="PASS">
          <reporter-output>
          </reporter-output>
        </test-method> <!-- testGetUserByName -->
        <test-method signature="testUpdateUserByName()[pri:3, instance:api.test.UserTest@6283d8b8]" started-at="2023-04-03T22:23:05 IST" name="testUpdateUserByName" finished-at="2023-04-03T22:23:09 IST" duration-ms="3685" status="PASS">
          <reporter-output>
          </reporter-output>
        </test-method> <!-- testUpdateUserByName -->
        <test-method signature="testDeleteUserByName()[pri:4, instance:api.test.UserTest@6283d8b8]" started-at="2023-04-03T22:23:09 IST" name="testDeleteUserByName" finished-at="2023-04-03T22:23:11 IST" duration-ms="1801" status="PASS">
          <reporter-output>
          </reporter-output>
        </test-method> <!-- testDeleteUserByName -->
      </class> <!-- api.test.UserTest -->
    </test> <!-- UserTest -->
    <test started-at="2023-04-03T22:23:49 IST" name="PropertyTest" finished-at="2023-04-03T22:24:05 IST" duration-ms="16452">
      <class name="api.test.UserPropertiesDDT">
        <test-method signature="testPostUser(java.lang.String,java.lang.String,java.lang.String,java.lang.String,java.lang.String,java.lang.String,java.lang.String)[pri:1, instance:api.test.UserPropertiesDDT@3c7f66c4]" started-at="2023-04-03T22:23:49 IST" name="testPostUser" data-provider="Data" finished-at="2023-04-03T22:23:50 IST" duration-ms="1747" status="PASS">
          <params>
            <param index="0">
              <value>
                <![CDATA[1010]]>
              </value>
            </param>
            <param index="1">
              <value>
                <![CDATA[testuser1]]>
              </value>
            </param>
            <param index="2">
              <value>
                <![CDATA[John]]>
              </value>
            </param>
            <param index="3">
              <value>
                <![CDATA[Canedy]]>
              </value>
            </param>
            <param index="4">
              <value>
                <![CDATA[a@gmail.com]]>
              </value>
            </param>
            <param index="5">
              <value>
                <![CDATA[test@1]]>
              </value>
            </param>
            <param index="6">
              <value>
                <![CDATA[1234567897]]>
              </value>
            </param>
          </params>
          <reporter-output>
          </reporter-output>
        </test-method> <!-- testPostUser -->
        <test-method signature="testPostUser(java.lang.String,java.lang.String,java.lang.String,java.lang.String,java.lang.String,java.lang.String,java.lang.String)[pri:1, instance:api.test.UserPropertiesDDT@3c7f66c4]" started-at="2023-04-03T22:23:50 IST" name="testPostUser" data-provider="Data" finished-at="2023-04-03T22:23:52 IST" duration-ms="1781" status="PASS">
          <params>
            <param index="0">
              <value>
                <![CDATA[1020]]>
              </value>
            </param>
            <param index="1">
              <value>
                <![CDATA[testuser2]]>
              </value>
            </param>
            <param index="2">
              <value>
                <![CDATA[Kim]]>
              </value>
            </param>
            <param index="3">
              <value>
                <![CDATA[Kom]]>
              </value>
            </param>
            <param index="4">
              <value>
                <![CDATA[b@gmail.com]]>
              </value>
            </param>
            <param index="5">
              <value>
                <![CDATA[test@2]]>
              </value>
            </param>
            <param index="6">
              <value>
                <![CDATA[1234567897]]>
              </value>
            </param>
          </params>
          <reporter-output>
          </reporter-output>
        </test-method> <!-- testPostUser -->
        <test-method signature="testPostUser(java.lang.String,java.lang.String,java.lang.String,java.lang.String,java.lang.String,java.lang.String,java.lang.String)[pri:1, instance:api.test.UserPropertiesDDT@3c7f66c4]" started-at="2023-04-03T22:23:52 IST" name="testPostUser" data-provider="Data" finished-at="2023-04-03T22:23:54 IST" duration-ms="1799" status="PASS">
          <params>
            <param index="0">
              <value>
                <![CDATA[1030]]>
              </value>
            </param>
            <param index="1">
              <value>
                <![CDATA[testuser3]]>
              </value>
            </param>
            <param index="2">
              <value>
                <![CDATA[Smith]]>
              </value>
            </param>
            <param index="3">
              <value>
                <![CDATA[Steve]]>
              </value>
            </param>
            <param index="4">
              <value>
                <![CDATA[c@gmail.com]]>
              </value>
            </param>
            <param index="5">
              <value>
                <![CDATA[test@3]]>
              </value>
            </param>
            <param index="6">
              <value>
                <![CDATA[1234567897]]>
              </value>
            </param>
          </params>
          <reporter-output>
          </reporter-output>
        </test-method> <!-- testPostUser -->
        <test-method signature="testGetUserByName(java.lang.String)[pri:2, instance:api.test.UserPropertiesDDT@3c7f66c4]" started-at="2023-04-03T22:23:54 IST" name="testGetUserByName" data-provider="userNames" finished-at="2023-04-03T22:23:56 IST" duration-ms="1644" status="PASS">
          <params>
            <param index="0">
              <value>
                <![CDATA[testuser1]]>
              </value>
            </param>
          </params>
          <reporter-output>
          </reporter-output>
        </test-method> <!-- testGetUserByName -->
        <test-method signature="testGetUserByName(java.lang.String)[pri:2, instance:api.test.UserPropertiesDDT@3c7f66c4]" started-at="2023-04-03T22:23:56 IST" name="testGetUserByName" data-provider="userNames" finished-at="2023-04-03T22:23:58 IST" duration-ms="2190" status="PASS">
          <params>
            <param index="0">
              <value>
                <![CDATA[testuser2]]>
              </value>
            </param>
          </params>
          <reporter-output>
          </reporter-output>
        </test-method> <!-- testGetUserByName -->
        <test-method signature="testGetUserByName(java.lang.String)[pri:2, instance:api.test.UserPropertiesDDT@3c7f66c4]" started-at="2023-04-03T22:23:58 IST" name="testGetUserByName" data-provider="userNames" finished-at="2023-04-03T22:24:00 IST" duration-ms="1834" status="PASS">
          <params>
            <param index="0">
              <value>
                <![CDATA[testuser3]]>
              </value>
            </param>
          </params>
          <reporter-output>
          </reporter-output>
        </test-method> <!-- testGetUserByName -->
        <test-method signature="testDeleteUserByName(java.lang.String)[pri:3, instance:api.test.UserPropertiesDDT@3c7f66c4]" started-at="2023-04-03T22:24:00 IST" name="testDeleteUserByName" data-provider="userNames" finished-at="2023-04-03T22:24:01 IST" duration-ms="1680" status="PASS">
          <params>
            <param index="0">
              <value>
                <![CDATA[testuser1]]>
              </value>
            </param>
          </params>
          <reporter-output>
          </reporter-output>
        </test-method> <!-- testDeleteUserByName -->
        <test-method signature="testDeleteUserByName(java.lang.String)[pri:3, instance:api.test.UserPropertiesDDT@3c7f66c4]" started-at="2023-04-03T22:24:01 IST" name="testDeleteUserByName" data-provider="userNames" finished-at="2023-04-03T22:24:03 IST" duration-ms="1763" status="PASS">
          <params>
            <param index="0">
              <value>
                <![CDATA[testuser2]]>
              </value>
            </param>
          </params>
          <reporter-output>
          </reporter-output>
        </test-method> <!-- testDeleteUserByName -->
        <test-method signature="testDeleteUserByName(java.lang.String)[pri:3, instance:api.test.UserPropertiesDDT@3c7f66c4]" started-at="2023-04-03T22:24:03 IST" name="testDeleteUserByName" data-provider="userNames" finished-at="2023-04-03T22:24:05 IST" duration-ms="1796" status="PASS">
          <params>
            <param index="0">
              <value>
                <![CDATA[testuser3]]>
              </value>
            </param>
          </params>
          <reporter-output>
          </reporter-output>
        </test-method> <!-- testDeleteUserByName -->
      </class> <!-- api.test.UserPropertiesDDT -->
    </test> <!-- PropertyTest -->
  </suite> <!-- UserSuite -->
</testng-results>
